<?xml version="1.0" encoding="UTF-8"?>
<!-- Generated by org.testng.reporters.JUnitReportReporter -->
<testsuite hostname="SA-Machine" failures="0" tests="4" name="api.test.UserTests2" time="9.443" errors="0" timestamp="2024-01-31T08:45:53 IST" skipped="0">
  <testcase classname="api.test.UserTests2" name="testPostUser" time="3.599"/>
  <system-out/>
  <testcase classname="api.test.UserTests2" name="testGetUserByName" time="1.368"/>
  <system-out/>
  <testcase classname="api.test.UserTests2" name="testUpdateUserByName" time="2.952"/>
  <system-out/>
  <testcase classname="api.test.UserTests2" name="testDeleteUserByName" time="1.524"/>
  <system-out/>
</testsuite> <!-- api.test.UserTests2 -->
