<?xml version="1.0" encoding="UTF-8"?>
<!-- Generated by org.testng.reporters.JUnitReportReporter -->
<testsuite hostname="SA-Machine" failures="0" tests="4" name="api.test.UserTests" time="30.574" errors="0" timestamp="2024-01-31T08:09:43 IST" skipped="0">
  <testcase classname="api.test.UserTests" name="testPostUser" time="13.736"/>
  <system-out/>
  <testcase classname="api.test.UserTests" name="testGetUserByName" time="10.511"/>
  <system-out/>
  <testcase classname="api.test.UserTests" name="testUpdateUserByName" time="4.399"/>
  <system-out/>
  <testcase classname="api.test.UserTests" name="testDeleteUserByName" time="1.928"/>
  <system-out/>
</testsuite> <!-- api.test.UserTests -->
