<?xml version="1.0" encoding="UTF-8"?>
<!-- Generated by org.testng.reporters.JUnitReportReporter -->
<testsuite hostname="SA-Machine" failures="0" tests="6" name="api.test.DDTests" time="9.698" errors="0" timestamp="2024-01-24T10:27:46 IST" skipped="0">
  <testcase classname="api.test.DDTests" name="testPostUser" time="1.314"/>
  <system-out/>
  <testcase classname="api.test.DDTests" name="testPostUser" time="1.299"/>
  <system-out/>
  <testcase classname="api.test.DDTests" name="testPostUser" time="3.141"/>
  <system-out/>
  <testcase classname="api.test.DDTests" name="testDeleteUserByName" time="1.329"/>
  <system-out/>
  <testcase classname="api.test.DDTests" name="testDeleteUserByName" time="1.311"/>
  <system-out/>
  <testcase classname="api.test.DDTests" name="testDeleteUserByName" time="1.304"/>
  <system-out/>
</testsuite> <!-- api.test.DDTests -->
