<?xml version="1.0" encoding="UTF-8"?>
<!-- Generated by org.testng.reporters.JUnitReportReporter -->
<testsuite hostname="SA-Machine" failures="0" tests="4" name="api.test.UserTests" time="9.653" errors="0" timestamp="2024-01-31T14:52:00 IST" skipped="0">
  <testcase classname="api.test.UserTests" name="testPostUser" time="3.685"/>
  <system-out/>
  <testcase classname="api.test.UserTests" name="testGetUserByName" time="1.557"/>
  <system-out/>
  <testcase classname="api.test.UserTests" name="testUpdateUserByName" time="2.971"/>
  <system-out/>
  <testcase classname="api.test.UserTests" name="testDeleteUserByName" time="1.440"/>
  <system-out/>
</testsuite> <!-- api.test.UserTests -->
