<?xml version="1.0" encoding="UTF-8"?>
<!-- Generated by org.testng.reporters.JUnitReportReporter -->
<testsuite hostname="SA-Machine" failures="0" tests="6" name="api.test.DDTests" time="34.510" errors="0" timestamp="2024-01-31T14:52:00 IST" skipped="0">
  <testcase classname="api.test.DDTests" name="testPostUser" time="10.935"/>
  <system-out/>
  <testcase classname="api.test.DDTests" name="testPostUser" time="2.747"/>
  <system-out/>
  <testcase classname="api.test.DDTests" name="testPostUser" time="2.383"/>
  <system-out/>
  <testcase classname="api.test.DDTests" name="testDeleteUserByName" time="5.450"/>
  <system-out/>
  <testcase classname="api.test.DDTests" name="testDeleteUserByName" time="11.464"/>
  <system-out/>
  <testcase classname="api.test.DDTests" name="testDeleteUserByName" time="1.531"/>
  <system-out/>
</testsuite> <!-- api.test.DDTests -->
